[2019-11-13 11:18:21] main.CRITICAL: Unable to send mail: Unknown error {"exception":"[object] (Magento\\Framework\\Exception\\MailException(code: 0): Unable to send mail: Unknown error at /var/www/html/vendor/magento/module-email/Model/Transport.php:87, Zend\\Mail\\Transport\\Exception\\RuntimeException(code: 0): Unable to send mail: Unknown error at /var/www/html/vendor/zendframework/zend-mail/src/Transport/Sendmail.php:305)"} []
[2019-11-14 08:46:07] main.CRITICAL: Area code is not set {"exception":"[object] (Magento\\Framework\\Exception\\LocalizedException(code: 0): Area code is not set at /var/www/html/vendor/magento/framework/App/State.php:153)"} []
[2019-11-14 13:25:04] main.CRITICAL: Theme layout update file '/var/www/html/app/code/Mastering/SampleModule/view/frontend/layout/catalog_product_view.xml' is not valid.
Start tag expected, '<' not found
 Line: 15 {"exception":"[object] (Magento\\Framework\\Config\\Dom\\ValidationException(code: 0): Theme layout update file '/var/www/html/app/code/Mastering/SampleModule/view/frontend/layout/catalog_product_view.xml' is not valid.
Start tag expected, '<' not found
 Line: 15 at /var/www/html/vendor/magento/framework/View/Model/Layout/Merge.php:743)"} []
[2019-11-15 06:45:35] main.CRITICAL: Theme layout update file '/var/www/html/app/code/Mastering/SampleModule/view/frontend/layout/mastering_index_index.xml' is not valid.
XML declaration allowed only at the start of the document
 Line: 3 {"exception":"[object] (Magento\\Framework\\Config\\Dom\\ValidationException(code: 0): Theme layout update file '/var/www/html/app/code/Mastering/SampleModule/view/frontend/layout/mastering_index_index.xml' is not valid.
XML declaration allowed only at the start of the document
 Line: 3 at /var/www/html/vendor/magento/framework/View/Model/Layout/Merge.php:743)"} []
[2019-11-15 06:47:02] main.CRITICAL: Theme layout update file '/var/www/html/app/code/Mastering/SampleModule/view/frontend/layout/mastering_index_index.xml' is not valid.
XML declaration allowed only at the start of the document
 Line: 3 {"exception":"[object] (Magento\\Framework\\Config\\Dom\\ValidationException(code: 0): Theme layout update file '/var/www/html/app/code/Mastering/SampleModule/view/frontend/layout/mastering_index_index.xml' is not valid.
XML declaration allowed only at the start of the document
 Line: 3 at /var/www/html/vendor/magento/framework/View/Model/Layout/Merge.php:743)"} []
[2019-11-15 08:52:17] main.CRITICAL: Theme layout update file '/var/www/html/app/code/Mastering/SampleModule/view/frontend/layout/mastering_index_index.xml' is not valid.
XML declaration allowed only at the start of the document
 Line: 2 {"exception":"[object] (Magento\\Framework\\Config\\Dom\\ValidationException(code: 0): Theme layout update file '/var/www/html/app/code/Mastering/SampleModule/view/frontend/layout/mastering_index_index.xml' is not valid.
XML declaration allowed only at the start of the document
 Line: 2 at /var/www/html/vendor/magento/framework/View/Model/Layout/Merge.php:743)"} []
[2019-11-15 08:53:06] main.CRITICAL: Theme layout update file '/var/www/html/app/code/Mastering/SampleModule/view/frontend/layout/mastering_index_index.xml' is not valid.
XML declaration allowed only at the start of the document
 Line: 2 {"exception":"[object] (Magento\\Framework\\Config\\Dom\\ValidationException(code: 0): Theme layout update file '/var/www/html/app/code/Mastering/SampleModule/view/frontend/layout/mastering_index_index.xml' is not valid.
XML declaration allowed only at the start of the document
 Line: 2 at /var/www/html/vendor/magento/framework/View/Model/Layout/Merge.php:743)"} []
[2019-11-15 10:56:20] main.CRITICAL: Element 'block', attribute 'type': The attribute 'type' is not allowed.
Line: 775
 {"exception":"[object] (Magento\\Framework\\Config\\Dom\\ValidationException(code: 0): Element 'block', attribute 'type': The attribute 'type' is not allowed.
Line: 775
 at /var/www/html/vendor/magento/framework/Config/Dom.php:402)"} []
[2019-11-15 11:40:31] main.CRITICAL: Element 'reference': This element is not expected. Expected is one of ( attribute, block, referenceBlock, referenceContainer, container, move, uiComponent ).
Line: 769
 {"exception":"[object] (Magento\\Framework\\Config\\Dom\\ValidationException(code: 0): Element 'reference': This element is not expected. Expected is one of ( attribute, block, referenceBlock, referenceContainer, container, move, uiComponent ).
Line: 769
 at /var/www/html/vendor/magento/framework/Config/Dom.php:402)"} []
[2019-11-15 11:44:43] main.CRITICAL: Element 'block', attribute 'type': The attribute 'type' is not allowed.
Line: 769

Element 'action', attribute 'translate': The attribute 'translate' is not allowed.
Line: 770

Element 'action', attribute 'module': The attribute 'module' is not allowed.
Line: 770

Element 'alias': This element is not expected. Expected is ( argument ).
Line: 771
 {"exception":"[object] (Magento\\Framework\\Config\\Dom\\ValidationException(code: 0): Element 'block', attribute 'type': The attribute 'type' is not allowed.
Line: 769

Element 'action', attribute 'translate': The attribute 'translate' is not allowed.
Line: 770

Element 'action', attribute 'module': The attribute 'module' is not allowed.
Line: 770

Element 'alias': This element is not expected. Expected is ( argument ).
Line: 771
 at /var/www/html/vendor/magento/framework/Config/Dom.php:402)"} []
[2019-11-15 12:07:29] main.CRITICAL: Invalid block type: Test\CustomCart\Block\CustomTab {"exception":"[object] (Magento\\Framework\\Exception\\LocalizedException(code: 0): Invalid block type: Test\\CustomCart\\Block\\CustomTab at /var/www/html/vendor/magento/framework/View/Layout/Generator/Block.php:275, ReflectionException(code: -1): Class Test\\CustomCart\\Block\\CustomTab does not exist at /var/www/html/vendor/magento/framework/Code/Reader/ClassReader.php:19)"} []
[2019-12-05 11:19:41] main.CRITICAL: Invalid block type: Dev\ProductComments\Block\CustomTab {"exception":"[object] (Magento\\Framework\\Exception\\LocalizedException(code: 0): Invalid block type: Dev\\ProductComments\\Block\\CustomTab at /var/www/html/vendor/magento/framework/View/Layout/Generator/Block.php:275, ReflectionException(code: 0): Class Dev\\ProductComments\\Model\\Config does not exist at /var/www/html/vendor/magento/framework/Code/Reader/ClassReader.php:35, ReflectionException(code: 0): Class Dev\\ProductComments\\Model\\Config does not exist at /var/www/html/vendor/magento/framework/Code/Reader/ClassReader.php:29)"} []
[2019-12-05 11:21:21] main.CRITICAL: Invalid block type: Dev\ProductComments\Block\CustomTab {"exception":"[object] (Magento\\Framework\\Exception\\LocalizedException(code: 0): Invalid block type: Dev\\ProductComments\\Block\\CustomTab at /var/www/html/vendor/magento/framework/View/Layout/Generator/Block.php:275, ReflectionException(code: 0): Class Dev\\ProductComments\\Model\\Config does not exist at /var/www/html/vendor/magento/framework/Code/Reader/ClassReader.php:35, ReflectionException(code: 0): Class Dev\\ProductComments\\Model\\Config does not exist at /var/www/html/vendor/magento/framework/Code/Reader/ClassReader.php:29)"} []
[2019-12-05 11:22:15] main.CRITICAL: Invalid block type: Dev\ProductComments\Block\CustomTab {"exception":"[object] (Magento\\Framework\\Exception\\LocalizedException(code: 0): Invalid block type: Dev\\ProductComments\\Block\\CustomTab at /var/www/html/vendor/magento/framework/View/Layout/Generator/Block.php:275, ReflectionException(code: 0): Class Dev\\ProductComments\\Model\\Config does not exist at /var/www/html/vendor/magento/framework/Code/Reader/ClassReader.php:35, ReflectionException(code: 0): Class Dev\\ProductComments\\Model\\Config does not exist at /var/www/html/vendor/magento/framework/Code/Reader/ClassReader.php:29)"} []
[2019-12-05 11:23:52] main.CRITICAL: Invalid block type: Dev\ProductComments\Block\CustomTab {"exception":"[object] (Magento\\Framework\\Exception\\LocalizedException(code: 0): Invalid block type: Dev\\ProductComments\\Block\\CustomTab at /var/www/html/vendor/magento/framework/View/Layout/Generator/Block.php:275, ReflectionException(code: 0): Class Dev\\ProductComments\\Model\\Config does not exist at /var/www/html/vendor/magento/framework/Code/Reader/ClassReader.php:35, ReflectionException(code: 0): Class Dev\\ProductComments\\Model\\Config does not exist at /var/www/html/vendor/magento/framework/Code/Reader/ClassReader.php:29)"} []
[2019-12-05 11:28:48] main.CRITICAL: Invalid block type: Dev\ProductComments\Block\CustomTab {"exception":"[object] (Magento\\Framework\\Exception\\LocalizedException(code: 0): Invalid block type: Dev\\ProductComments\\Block\\CustomTab at /var/www/html/vendor/magento/framework/View/Layout/Generator/Block.php:275, ReflectionException(code: 0): Class Dev\\ProductComments\\Model\\Config does not exist at /var/www/html/vendor/magento/framework/Code/Reader/ClassReader.php:35, ReflectionException(code: 0): Class Dev\\ProductComments\\Model\\Config does not exist at /var/www/html/vendor/magento/framework/Code/Reader/ClassReader.php:29)"} []
[2019-12-05 11:29:32] main.CRITICAL: Invalid block type: Dev\ProductComments\Block\CustomTab {"exception":"[object] (Magento\\Framework\\Exception\\LocalizedException(code: 0): Invalid block type: Dev\\ProductComments\\Block\\CustomTab at /var/www/html/vendor/magento/framework/View/Layout/Generator/Block.php:275, ReflectionException(code: 0): Class Dev\\ProductComments\\Model\\Config does not exist at /var/www/html/vendor/magento/framework/Code/Reader/ClassReader.php:35, ReflectionException(code: 0): Class Dev\\ProductComments\\Model\\Config does not exist at /var/www/html/vendor/magento/framework/Code/Reader/ClassReader.php:29)"} []
[2019-12-05 11:46:00] main.CRITICAL: Type Error occurred when creating object: Dev\ProductComments\Block\CustomTab\Interceptor {"exception":"[object] (Magento\\Framework\\Exception\\RuntimeException(code: 0): Type Error occurred when creating object: Dev\\ProductComments\\Block\\CustomTab\\Interceptor at /var/www/html/vendor/magento/framework/ObjectManager/Factory/AbstractFactory.php:124)"} []
[2019-12-05 12:24:56] main.CRITICAL: Notice: Undefined variable: aliConfig in /var/www/html/app/code/Dev/ProductComments/Block/CustomTab.php on line 69 {"exception":"[object] (Exception(code: 0): Notice: Undefined variable: aliConfig in /var/www/html/app/code/Dev/ProductComments/Block/CustomTab.php on line 69 at /var/www/html/vendor/magento/framework/App/ErrorHandler.php:61)"} []
[2019-12-06 06:46:56] main.CRITICAL: Invalid block type: Dev\ProductComments\Block\CustomTab {"exception":"[object] (Magento\\Framework\\Exception\\LocalizedException(code: 0): Invalid block type: Dev\\ProductComments\\Block\\CustomTab at /var/www/html/vendor/magento/framework/View/Layout/Generator/Block.php:275, ReflectionException(code: 0): Class Dev\\ProductComments\\Block\\Config does not exist at /var/www/html/vendor/magento/framework/Code/Reader/ClassReader.php:35, ReflectionException(code: 0): Class Dev\\ProductComments\\Block\\Config does not exist at /var/www/html/vendor/magento/framework/Code/Reader/ClassReader.php:29)"} []
